Collection status has changed. 1
Collection has been started.
Collection has stopped. Application exit code:  0
Loading cached program model
Cache load failed
Loading collected suitability data
Finalizing results
Finalizing the result
Clearing the database
The database has been cleared, elapsed time is 0.459 seconds.
Loading raw data to the database
Loading 'systemcollector-18180-Milojevic.sc' file
Loading '22736-24044.0.trace' file
Updating precomputed scalar metrics
Raw data has been loaded to the database, elapsed time is 0.108 seconds.
Processing profile metrics and debug information
Data transformations have been finished, elapsed time is 0.003 seconds.
Setting data model parameters
Resolving module symbols
Resolving information for `1_nqueens_serial.exe'
Resolving bottom user stack information
Resolving thread name information
Resolving call target names for dynamic code
Symbol resolution has been finished, elapsed time is 0.102 seconds.
Processing profile metrics and debug information
Error: Error 0x40000024 (No data) -- No data is collected. Possible reasons:
 - Workload is too small. No samples are collected.
 - The application environment is not specified correctly.
 - The executable file has been stripped so cannot be profiled with algorithm analysis types.
 See the Troubleshooting help topic for more details.
 Also consider checking the collection log for additional information. 
Deferred data transformations have been finished, elapsed time is 0.006 seconds.
Setting data model parameters
Data model parameters have been set, elapsed time is 0.017 seconds.
Precomputing frequently used data
Precomputing frequently used data
Updating precomputed scalar metrics
Precomputing frequently used data has been finished, elapsed time is 0.035 seconds.
Discarding redundant overtime data
Saving the result
Redundant overtime data has been discarded, elapsed time is 0.003 seconds.
Raw collector data has been discarded, elapsed time is 0.000 seconds.
Finalizing the result took 1.026 seconds.
Resolving module symbols
Resolving information for dangling locations
Resolving bottom user stack information
Resolving thread name information
Resolving call target names for dynamic code
Precomputing frequently used data
Saving program model
Caching program model
Compressing the model
Compressing the model
Preparing data for efficient display
