48 [22444] INFO perfrun.launcher <> - Launcher main begin
54 [22444] INFO perfrun.launcher <> - MessageCatalogInit finished
54 [22444] INFO perfrun.launcher <> - Launcher instance created
54 [22444] INFO perfrun.launcher <> - argc = 6; cmdline = C:\Program Files (x86)\Intel\oneAPI\advisor\2025.1\bin64\advixe-runss.exe --ui-output-format xml --ui-output-fd 8884 --context-value-list 
73 [22444] INFO perfrun.launcher <> - New signal handler callback was added
166 [22444] INFO perfrun.launcher <> - create msngr2::ICliToolContext
166 [22444] INFO perfrun.launcher <> - create file finder object
167 [22444] INFO perfrun.launcher <> - Put into the variant bag the context value: name = targetOS; value = Windows
167 [22444] INFO perfrun.launcher <> - Put into the variant bag the context value: name = OS; value = Windows
167 [22444] INFO perfrun.launcher <> - Put into the variant bag the context value: name = OSBuildNumber; value = 26100
168 [22444] INFO perfrun.launcher <> - Put into the variant bag the context value: name = OSBitness; value = 64
168 [22444] INFO perfrun.launcher <> - Put into the variant bag the context value: name = AdministratorPrivileges; value = false
168 [22444] INFO perfrun.launcher <> - Put into the variant bag the context value: name = isPtraceScopeLimited; value = false
168 [22444] INFO perfrun.launcher <> - Put into the variant bag the context value: name = isCATSupportedByCPU; value = true
168 [22444] INFO perfrun.launcher <> - Put into the variant bag the context value: name = isL3CATAvailable; value = false
168 [22444] INFO perfrun.launcher <> - Put into the variant bag the context value: name = isL2CATAvailable; value = false
168 [22444] INFO perfrun.launcher <> - Put into the variant bag the context value: name = isL3MonitoringSupportedByCPU; value = false
168 [22444] INFO perfrun.launcher <> - Put into the variant bag the context value: name = isTSXAvailable; value = false
168 [22444] INFO perfrun.launcher <> - Put into the variant bag the context value: name = isPTAvailable; value = false
168 [22444] INFO perfrun.launcher <> - Put into the variant bag the context value: name = isHTEnabled; value = true
169 [22444] INFO perfrun.launcher <> - Put into the variant bag the context value: name = fpgaOnBoard; value = None
169 [22444] INFO perfrun.launcher <> - Put into the variant bag the context value: name = omniPathOnBoard; value = None
169 [22444] INFO perfrun.launcher <> - Put into the variant bag the context value: name = genArchOnBoard; value = 0
169 [22444] INFO perfrun.launcher <> - Put into the variant bag the context value: name = pciClassParts; value = 
169 [22444] INFO perfrun.launcher <> - Put into the variant bag the context value: name = tidValuesForIO; value = 
169 [22444] INFO perfrun.launcher <> - Put into the variant bag the context value: name = populatedIoParts; value = 
169 [22444] INFO perfrun.launcher <> - Put into the variant bag the context value: name = populatedIoUnits; value = 
169 [22444] INFO perfrun.launcher <> - Put into the variant bag the context value: name = populatedTidValuesForIO; value = 
169 [22444] INFO perfrun.launcher <> - Put into the variant bag the context value: name = memoryType; value = Unknown
169 [22444] INFO perfrun.launcher <> - Put into the variant bag the context value: name = isSGXAvailable; value = false
169 [22444] INFO perfrun.launcher <> - Put into the variant bag the context value: name = Hypervisor; value = Microsoft Hv
170 [22444] INFO perfrun.launcher <> - Put into the variant bag the context value: name = PerfmonVersion; value = 0
170 [22444] INFO perfrun.launcher <> - Put into the variant bag the context value: name = isMaxDRAMBandwidthMeasurementSupported; value = false
170 [22444] INFO perfrun.launcher <> - Put into the variant bag the context value: name = preferedGpuAdapter; value = 0:1:0.0
170 [22444] INFO perfrun.launcher <> - Put into the variant bag the context value: name = isEHFIAvailable; value = false
170 [22444] INFO perfrun.launcher <> - Put into the variant bag the context value: name = areGpuHardwareMetricsAvailableList; value = 
170 [22444] INFO perfrun.launcher <> - Put into the variant bag the context value: name = gpuPlatformIndexList; value = 
170 [22444] INFO perfrun.launcher <> - Put into the variant bag the context value: name = isSEPDriverAvailable; value = false
170 [22444] INFO perfrun.launcher <> - Put into the variant bag the context value: name = isSEPMICDriverAvailable; value = false
170 [22444] INFO perfrun.launcher <> - Put into the variant bag the context value: name = isNMIWatchDogTimerRunning; value = false
170 [22444] INFO perfrun.launcher <> - Put into the variant bag the context value: name = CPU_NAME; value = Unknown
171 [22444] INFO perfrun.launcher <> - Put into the variant bag the context value: name = CPU; value = Unknown
171 [22444] INFO perfrun.launcher <> - Put into the variant bag the context value: name = PMU; value = Unknown
171 [22444] INFO perfrun.launcher <> - Put into the variant bag the context value: name = platformType; value = 0
171 [22444] INFO perfrun.launcher <> - Put into the variant bag the context value: name = referenceFrequency; value = 3194000000
171 [22444] INFO perfrun.launcher <> - Put into the variant bag the context value: name = isTPSSAvailable; value = true
171 [22444] INFO perfrun.launcher <> - Put into the variant bag the context value: name = isPytraceAvailable; value = true
171 [22444] INFO perfrun.launcher <> - Put into the variant bag the context value: name = isGENDebugInfoAvailableList; value = 
171 [22444] INFO perfrun.launcher <> - Put into the variant bag the context value: name = isGTPinCollectionAvailableList; value = 
171 [22444] INFO perfrun.launcher <> - Put into the variant bag the context value: name = forceShowInlines; value = false
171 [22444] INFO perfrun.launcher <> - Application exit code: 0
171 [22444] INFO perfrun.launcher <> - Exit code: 0
