43 [22788] INFO perfrun.launcher <> - Launcher main begin
49 [22788] INFO perfrun.launcher <> - MessageCatalogInit finished
49 [22788] INFO perfrun.launcher <> - Launcher instance created
49 [22788] INFO perfrun.launcher <> - argc = 6; cmdline = C:\Program Files (x86)\Intel\oneAPI\advisor\2025.1\bin64\advixe-runss.exe --ui-output-format xml --ui-output-fd 6372 --context-value-list 
69 [22788] INFO perfrun.launcher <> - New signal handler callback was added
163 [22788] INFO perfrun.launcher <> - create msngr2::ICliToolContext
164 [22788] INFO perfrun.launcher <> - create file finder object
165 [22788] INFO perfrun.launcher <> - Put into the variant bag the context value: name = targetOS; value = Windows
165 [22788] INFO perfrun.launcher <> - Put into the variant bag the context value: name = OS; value = Windows
165 [22788] INFO perfrun.launcher <> - Put into the variant bag the context value: name = OSBuildNumber; value = 26100
165 [22788] INFO perfrun.launcher <> - Put into the variant bag the context value: name = OSBitness; value = 64
165 [22788] INFO perfrun.launcher <> - Put into the variant bag the context value: name = AdministratorPrivileges; value = false
165 [22788] INFO perfrun.launcher <> - Put into the variant bag the context value: name = isPtraceScopeLimited; value = false
165 [22788] INFO perfrun.launcher <> - Put into the variant bag the context value: name = isCATSupportedByCPU; value = true
165 [22788] INFO perfrun.launcher <> - Put into the variant bag the context value: name = isL3CATAvailable; value = false
165 [22788] INFO perfrun.launcher <> - Put into the variant bag the context value: name = isL2CATAvailable; value = false
166 [22788] INFO perfrun.launcher <> - Put into the variant bag the context value: name = isL3MonitoringSupportedByCPU; value = false
166 [22788] INFO perfrun.launcher <> - Put into the variant bag the context value: name = isTSXAvailable; value = false
166 [22788] INFO perfrun.launcher <> - Put into the variant bag the context value: name = isPTAvailable; value = false
166 [22788] INFO perfrun.launcher <> - Put into the variant bag the context value: name = isHTEnabled; value = true
166 [22788] INFO perfrun.launcher <> - Put into the variant bag the context value: name = fpgaOnBoard; value = None
166 [22788] INFO perfrun.launcher <> - Put into the variant bag the context value: name = omniPathOnBoard; value = None
166 [22788] INFO perfrun.launcher <> - Put into the variant bag the context value: name = genArchOnBoard; value = 0
166 [22788] INFO perfrun.launcher <> - Put into the variant bag the context value: name = pciClassParts; value = 
166 [22788] INFO perfrun.launcher <> - Put into the variant bag the context value: name = tidValuesForIO; value = 
166 [22788] INFO perfrun.launcher <> - Put into the variant bag the context value: name = populatedIoParts; value = 
166 [22788] INFO perfrun.launcher <> - Put into the variant bag the context value: name = populatedIoUnits; value = 
166 [22788] INFO perfrun.launcher <> - Put into the variant bag the context value: name = populatedTidValuesForIO; value = 
167 [22788] INFO perfrun.launcher <> - Put into the variant bag the context value: name = memoryType; value = Unknown
167 [22788] INFO perfrun.launcher <> - Put into the variant bag the context value: name = isSGXAvailable; value = false
167 [22788] INFO perfrun.launcher <> - Put into the variant bag the context value: name = Hypervisor; value = Microsoft Hv
167 [22788] INFO perfrun.launcher <> - Put into the variant bag the context value: name = PerfmonVersion; value = 0
167 [22788] INFO perfrun.launcher <> - Put into the variant bag the context value: name = isMaxDRAMBandwidthMeasurementSupported; value = false
167 [22788] INFO perfrun.launcher <> - Put into the variant bag the context value: name = preferedGpuAdapter; value = 0:1:0.0
167 [22788] INFO perfrun.launcher <> - Put into the variant bag the context value: name = isEHFIAvailable; value = false
167 [22788] INFO perfrun.launcher <> - Put into the variant bag the context value: name = areGpuHardwareMetricsAvailableList; value = 
167 [22788] INFO perfrun.launcher <> - Put into the variant bag the context value: name = gpuPlatformIndexList; value = 
168 [22788] INFO perfrun.launcher <> - Put into the variant bag the context value: name = isSEPDriverAvailable; value = false
168 [22788] INFO perfrun.launcher <> - Put into the variant bag the context value: name = isSEPMICDriverAvailable; value = false
168 [22788] INFO perfrun.launcher <> - Put into the variant bag the context value: name = isNMIWatchDogTimerRunning; value = false
168 [22788] INFO perfrun.launcher <> - Put into the variant bag the context value: name = CPU_NAME; value = Unknown
168 [22788] INFO perfrun.launcher <> - Put into the variant bag the context value: name = CPU; value = Unknown
168 [22788] INFO perfrun.launcher <> - Put into the variant bag the context value: name = PMU; value = Unknown
168 [22788] INFO perfrun.launcher <> - Put into the variant bag the context value: name = platformType; value = 0
168 [22788] INFO perfrun.launcher <> - Put into the variant bag the context value: name = referenceFrequency; value = 3194000000
168 [22788] INFO perfrun.launcher <> - Put into the variant bag the context value: name = isTPSSAvailable; value = true
168 [22788] INFO perfrun.launcher <> - Put into the variant bag the context value: name = isPytraceAvailable; value = true
168 [22788] INFO perfrun.launcher <> - Put into the variant bag the context value: name = isGENDebugInfoAvailableList; value = 
168 [22788] INFO perfrun.launcher <> - Put into the variant bag the context value: name = isGTPinCollectionAvailableList; value = 
168 [22788] INFO perfrun.launcher <> - Put into the variant bag the context value: name = forceShowInlines; value = false
169 [22788] INFO perfrun.launcher <> - Application exit code: 0
169 [22788] INFO perfrun.launcher <> - Exit code: 0
