45 [21672] INFO perfrun.launcher <> - Launcher main begin
50 [21672] INFO perfrun.launcher <> - MessageCatalogInit finished
51 [21672] INFO perfrun.launcher <> - Launcher instance created
51 [21672] INFO perfrun.launcher <> - argc = 6; cmdline = C:\Program Files (x86)\Intel\oneAPI\advisor\2025.1\bin64\advixe-runss.exe --ui-output-format xml --ui-output-fd 8292 --context-value-list 
68 [21672] INFO perfrun.launcher <> - New signal handler callback was added
156 [21672] INFO perfrun.launcher <> - create msngr2::ICliToolContext
157 [21672] INFO perfrun.launcher <> - create file finder object
158 [21672] INFO perfrun.launcher <> - Put into the variant bag the context value: name = targetOS; value = Windows
158 [21672] INFO perfrun.launcher <> - Put into the variant bag the context value: name = OS; value = Windows
158 [21672] INFO perfrun.launcher <> - Put into the variant bag the context value: name = OSBuildNumber; value = 26100
158 [21672] INFO perfrun.launcher <> - Put into the variant bag the context value: name = OSBitness; value = 64
158 [21672] INFO perfrun.launcher <> - Put into the variant bag the context value: name = AdministratorPrivileges; value = false
158 [21672] INFO perfrun.launcher <> - Put into the variant bag the context value: name = isPtraceScopeLimited; value = false
158 [21672] INFO perfrun.launcher <> - Put into the variant bag the context value: name = isCATSupportedByCPU; value = true
158 [21672] INFO perfrun.launcher <> - Put into the variant bag the context value: name = isL3CATAvailable; value = false
158 [21672] INFO perfrun.launcher <> - Put into the variant bag the context value: name = isL2CATAvailable; value = false
158 [21672] INFO perfrun.launcher <> - Put into the variant bag the context value: name = isL3MonitoringSupportedByCPU; value = false
158 [21672] INFO perfrun.launcher <> - Put into the variant bag the context value: name = isTSXAvailable; value = false
159 [21672] INFO perfrun.launcher <> - Put into the variant bag the context value: name = isPTAvailable; value = false
159 [21672] INFO perfrun.launcher <> - Put into the variant bag the context value: name = isHTEnabled; value = true
159 [21672] INFO perfrun.launcher <> - Put into the variant bag the context value: name = fpgaOnBoard; value = None
159 [21672] INFO perfrun.launcher <> - Put into the variant bag the context value: name = omniPathOnBoard; value = None
159 [21672] INFO perfrun.launcher <> - Put into the variant bag the context value: name = genArchOnBoard; value = 0
159 [21672] INFO perfrun.launcher <> - Put into the variant bag the context value: name = pciClassParts; value = 
159 [21672] INFO perfrun.launcher <> - Put into the variant bag the context value: name = tidValuesForIO; value = 
159 [21672] INFO perfrun.launcher <> - Put into the variant bag the context value: name = populatedIoParts; value = 
159 [21672] INFO perfrun.launcher <> - Put into the variant bag the context value: name = populatedIoUnits; value = 
159 [21672] INFO perfrun.launcher <> - Put into the variant bag the context value: name = populatedTidValuesForIO; value = 
159 [21672] INFO perfrun.launcher <> - Put into the variant bag the context value: name = memoryType; value = Unknown
159 [21672] INFO perfrun.launcher <> - Put into the variant bag the context value: name = isSGXAvailable; value = false
159 [21672] INFO perfrun.launcher <> - Put into the variant bag the context value: name = Hypervisor; value = Microsoft Hv
159 [21672] INFO perfrun.launcher <> - Put into the variant bag the context value: name = PerfmonVersion; value = 0
159 [21672] INFO perfrun.launcher <> - Put into the variant bag the context value: name = isMaxDRAMBandwidthMeasurementSupported; value = false
159 [21672] INFO perfrun.launcher <> - Put into the variant bag the context value: name = preferedGpuAdapter; value = 0:1:0.0
159 [21672] INFO perfrun.launcher <> - Put into the variant bag the context value: name = isEHFIAvailable; value = false
160 [21672] INFO perfrun.launcher <> - Put into the variant bag the context value: name = areGpuHardwareMetricsAvailableList; value = 
160 [21672] INFO perfrun.launcher <> - Put into the variant bag the context value: name = gpuPlatformIndexList; value = 
160 [21672] INFO perfrun.launcher <> - Put into the variant bag the context value: name = isSEPDriverAvailable; value = false
160 [21672] INFO perfrun.launcher <> - Put into the variant bag the context value: name = isSEPMICDriverAvailable; value = false
160 [21672] INFO perfrun.launcher <> - Put into the variant bag the context value: name = isNMIWatchDogTimerRunning; value = false
160 [21672] INFO perfrun.launcher <> - Put into the variant bag the context value: name = CPU_NAME; value = Unknown
160 [21672] INFO perfrun.launcher <> - Put into the variant bag the context value: name = CPU; value = Unknown
160 [21672] INFO perfrun.launcher <> - Put into the variant bag the context value: name = PMU; value = Unknown
160 [21672] INFO perfrun.launcher <> - Put into the variant bag the context value: name = platformType; value = 0
160 [21672] INFO perfrun.launcher <> - Put into the variant bag the context value: name = referenceFrequency; value = 3194000000
160 [21672] INFO perfrun.launcher <> - Put into the variant bag the context value: name = isTPSSAvailable; value = true
160 [21672] INFO perfrun.launcher <> - Put into the variant bag the context value: name = isPytraceAvailable; value = true
160 [21672] INFO perfrun.launcher <> - Put into the variant bag the context value: name = isGENDebugInfoAvailableList; value = 
161 [21672] INFO perfrun.launcher <> - Put into the variant bag the context value: name = isGTPinCollectionAvailableList; value = 
161 [21672] INFO perfrun.launcher <> - Put into the variant bag the context value: name = forceShowInlines; value = false
161 [21672] INFO perfrun.launcher <> - Application exit code: 0
161 [21672] INFO perfrun.launcher <> - Exit code: 0
