45 [19372] INFO perfrun.launcher <> - Launcher main begin
51 [19372] INFO perfrun.launcher <> - MessageCatalogInit finished
51 [19372] INFO perfrun.launcher <> - Launcher instance created
51 [19372] INFO perfrun.launcher <> - argc = 6; cmdline = C:\Program Files (x86)\Intel\oneAPI\advisor\2025.1\bin64\advixe-runss.exe --ui-output-format xml --ui-output-fd 8944 --context-value-list 
69 [19372] INFO perfrun.launcher <> - New signal handler callback was added
159 [19372] INFO perfrun.launcher <> - create msngr2::ICliToolContext
159 [19372] INFO perfrun.launcher <> - create file finder object
160 [19372] INFO perfrun.launcher <> - Put into the variant bag the context value: name = targetOS; value = Windows
160 [19372] INFO perfrun.launcher <> - Put into the variant bag the context value: name = OS; value = Windows
160 [19372] INFO perfrun.launcher <> - Put into the variant bag the context value: name = OSBuildNumber; value = 26100
161 [19372] INFO perfrun.launcher <> - Put into the variant bag the context value: name = OSBitness; value = 64
161 [19372] INFO perfrun.launcher <> - Put into the variant bag the context value: name = AdministratorPrivileges; value = false
161 [19372] INFO perfrun.launcher <> - Put into the variant bag the context value: name = isPtraceScopeLimited; value = false
161 [19372] INFO perfrun.launcher <> - Put into the variant bag the context value: name = isCATSupportedByCPU; value = true
161 [19372] INFO perfrun.launcher <> - Put into the variant bag the context value: name = isL3CATAvailable; value = false
161 [19372] INFO perfrun.launcher <> - Put into the variant bag the context value: name = isL2CATAvailable; value = false
161 [19372] INFO perfrun.launcher <> - Put into the variant bag the context value: name = isL3MonitoringSupportedByCPU; value = false
161 [19372] INFO perfrun.launcher <> - Put into the variant bag the context value: name = isTSXAvailable; value = false
161 [19372] INFO perfrun.launcher <> - Put into the variant bag the context value: name = isPTAvailable; value = false
161 [19372] INFO perfrun.launcher <> - Put into the variant bag the context value: name = isHTEnabled; value = true
162 [19372] INFO perfrun.launcher <> - Put into the variant bag the context value: name = fpgaOnBoard; value = None
162 [19372] INFO perfrun.launcher <> - Put into the variant bag the context value: name = omniPathOnBoard; value = None
162 [19372] INFO perfrun.launcher <> - Put into the variant bag the context value: name = genArchOnBoard; value = 0
162 [19372] INFO perfrun.launcher <> - Put into the variant bag the context value: name = pciClassParts; value = 
162 [19372] INFO perfrun.launcher <> - Put into the variant bag the context value: name = tidValuesForIO; value = 
162 [19372] INFO perfrun.launcher <> - Put into the variant bag the context value: name = populatedIoParts; value = 
162 [19372] INFO perfrun.launcher <> - Put into the variant bag the context value: name = populatedIoUnits; value = 
162 [19372] INFO perfrun.launcher <> - Put into the variant bag the context value: name = populatedTidValuesForIO; value = 
162 [19372] INFO perfrun.launcher <> - Put into the variant bag the context value: name = memoryType; value = Unknown
162 [19372] INFO perfrun.launcher <> - Put into the variant bag the context value: name = isSGXAvailable; value = false
162 [19372] INFO perfrun.launcher <> - Put into the variant bag the context value: name = Hypervisor; value = Microsoft Hv
163 [19372] INFO perfrun.launcher <> - Put into the variant bag the context value: name = PerfmonVersion; value = 0
163 [19372] INFO perfrun.launcher <> - Put into the variant bag the context value: name = isMaxDRAMBandwidthMeasurementSupported; value = false
163 [19372] INFO perfrun.launcher <> - Put into the variant bag the context value: name = preferedGpuAdapter; value = 0:1:0.0
163 [19372] INFO perfrun.launcher <> - Put into the variant bag the context value: name = isEHFIAvailable; value = false
163 [19372] INFO perfrun.launcher <> - Put into the variant bag the context value: name = areGpuHardwareMetricsAvailableList; value = 
163 [19372] INFO perfrun.launcher <> - Put into the variant bag the context value: name = gpuPlatformIndexList; value = 
163 [19372] INFO perfrun.launcher <> - Put into the variant bag the context value: name = isSEPDriverAvailable; value = false
163 [19372] INFO perfrun.launcher <> - Put into the variant bag the context value: name = isSEPMICDriverAvailable; value = false
163 [19372] INFO perfrun.launcher <> - Put into the variant bag the context value: name = isNMIWatchDogTimerRunning; value = false
163 [19372] INFO perfrun.launcher <> - Put into the variant bag the context value: name = CPU_NAME; value = Unknown
163 [19372] INFO perfrun.launcher <> - Put into the variant bag the context value: name = CPU; value = Unknown
163 [19372] INFO perfrun.launcher <> - Put into the variant bag the context value: name = PMU; value = Unknown
163 [19372] INFO perfrun.launcher <> - Put into the variant bag the context value: name = platformType; value = 0
164 [19372] INFO perfrun.launcher <> - Put into the variant bag the context value: name = referenceFrequency; value = 3194000000
164 [19372] INFO perfrun.launcher <> - Put into the variant bag the context value: name = isTPSSAvailable; value = true
164 [19372] INFO perfrun.launcher <> - Put into the variant bag the context value: name = isPytraceAvailable; value = true
164 [19372] INFO perfrun.launcher <> - Put into the variant bag the context value: name = isGENDebugInfoAvailableList; value = 
164 [19372] INFO perfrun.launcher <> - Put into the variant bag the context value: name = isGTPinCollectionAvailableList; value = 
164 [19372] INFO perfrun.launcher <> - Put into the variant bag the context value: name = forceShowInlines; value = false
164 [19372] INFO perfrun.launcher <> - Application exit code: 0
164 [19372] INFO perfrun.launcher <> - Exit code: 0
