c:\mihajlo_milojevic\skola\ftn - pojedinacno\paralelno_programiranje\vezbe\vezba03_rtrk\primer 1\concurentvector\concurentvector\concurentvector\x64\release\vc143.pdb
c:\mihajlo_milojevic\skola\ftn - pojedinacno\paralelno_programiranje\vezbe\vezba03_rtrk\primer 1\concurentvector\concurentvector\concurentvector\x64\release\concurentvector.obj
c:\mihajlo_milojevic\skola\ftn - pojedinacno\paralelno_programiranje\vezbe\vezba03_rtrk\primer 1\concurentvector\concurentvector\x64\release\concurentvector.exe
c:\mihajlo_milojevic\skola\ftn - pojedinacno\paralelno_programiranje\vezbe\vezba03_rtrk\primer 1\concurentvector\concurentvector\x64\release\concurentvector.pdb
c:\mihajlo_milojevic\skola\ftn - pojedinacno\paralelno_programiranje\vezbe\vezba03_rtrk\primer 1\concurentvector\concurentvector\concurentvector\x64\release\concurentvector.ipdb
c:\mihajlo_milojevic\skola\ftn - pojedinacno\paralelno_programiranje\vezbe\vezba03_rtrk\primer 1\concurentvector\concurentvector\concurentvector\x64\release\concurentvector.iobj
c:\mihajlo_milojevic\skola\ftn - pojedinacno\paralelno_programiranje\vezbe\vezba03_rtrk\primer 1\concurentvector\concurentvector\concurentvector\x64\release\concurentvector.tlog\cl.command.1.tlog
c:\mihajlo_milojevic\skola\ftn - pojedinacno\paralelno_programiranje\vezbe\vezba03_rtrk\primer 1\concurentvector\concurentvector\concurentvector\x64\release\concurentvector.tlog\cl.items.tlog
c:\mihajlo_milojevic\skola\ftn - pojedinacno\paralelno_programiranje\vezbe\vezba03_rtrk\primer 1\concurentvector\concurentvector\concurentvector\x64\release\concurentvector.tlog\cl.read.1.tlog
c:\mihajlo_milojevic\skola\ftn - pojedinacno\paralelno_programiranje\vezbe\vezba03_rtrk\primer 1\concurentvector\concurentvector\concurentvector\x64\release\concurentvector.tlog\cl.write.1.tlog
c:\mihajlo_milojevic\skola\ftn - pojedinacno\paralelno_programiranje\vezbe\vezba03_rtrk\primer 1\concurentvector\concurentvector\concurentvector\x64\release\concurentvector.tlog\icx-cl-clang-cl.delete.1.tlog
c:\mihajlo_milojevic\skola\ftn - pojedinacno\paralelno_programiranje\vezbe\vezba03_rtrk\primer 1\concurentvector\concurentvector\concurentvector\x64\release\concurentvector.tlog\icx-cl-clang-cl.read.1.tlog
c:\mihajlo_milojevic\skola\ftn - pojedinacno\paralelno_programiranje\vezbe\vezba03_rtrk\primer 1\concurentvector\concurentvector\concurentvector\x64\release\concurentvector.tlog\icx-cl-clang-cl.write.1.tlog
c:\mihajlo_milojevic\skola\ftn - pojedinacno\paralelno_programiranje\vezbe\vezba03_rtrk\primer 1\concurentvector\concurentvector\concurentvector\x64\release\concurentvector.tlog\icx-cl.command.1.tlog
c:\mihajlo_milojevic\skola\ftn - pojedinacno\paralelno_programiranje\vezbe\vezba03_rtrk\primer 1\concurentvector\concurentvector\concurentvector\x64\release\concurentvector.tlog\icx-cl.read.1.tlog
c:\mihajlo_milojevic\skola\ftn - pojedinacno\paralelno_programiranje\vezbe\vezba03_rtrk\primer 1\concurentvector\concurentvector\concurentvector\x64\release\concurentvector.tlog\icx-cl.write.1.tlog
c:\mihajlo_milojevic\skola\ftn - pojedinacno\paralelno_programiranje\vezbe\vezba03_rtrk\primer 1\concurentvector\concurentvector\concurentvector\x64\release\concurentvector.tlog\link.command.1.tlog
c:\mihajlo_milojevic\skola\ftn - pojedinacno\paralelno_programiranje\vezbe\vezba03_rtrk\primer 1\concurentvector\concurentvector\concurentvector\x64\release\concurentvector.tlog\link.read.1.tlog
c:\mihajlo_milojevic\skola\ftn - pojedinacno\paralelno_programiranje\vezbe\vezba03_rtrk\primer 1\concurentvector\concurentvector\concurentvector\x64\release\concurentvector.tlog\link.secondary.1.tlog
c:\mihajlo_milojevic\skola\ftn - pojedinacno\paralelno_programiranje\vezbe\vezba03_rtrk\primer 1\concurentvector\concurentvector\concurentvector\x64\release\concurentvector.tlog\link.write.1.tlog
c:\mihajlo_milojevic\skola\ftn - pojedinacno\paralelno_programiranje\vezbe\vezba03_rtrk\primer 1\concurentvector\concurentvector\concurentvector\x64\release\concurentvector.tlog\xilink-clang.read.1.tlog
c:\mihajlo_milojevic\skola\ftn - pojedinacno\paralelno_programiranje\vezbe\vezba03_rtrk\primer 1\concurentvector\concurentvector\concurentvector\x64\release\concurentvector.tlog\xilink-lld-link.read.1.tlog
c:\mihajlo_milojevic\skola\ftn - pojedinacno\paralelno_programiranje\vezbe\vezba03_rtrk\primer 1\concurentvector\concurentvector\concurentvector\x64\release\concurentvector.tlog\xilink-lld-link.read.2.tlog
c:\mihajlo_milojevic\skola\ftn - pojedinacno\paralelno_programiranje\vezbe\vezba03_rtrk\primer 1\concurentvector\concurentvector\concurentvector\x64\release\concurentvector.tlog\xilink-lld-link.read.3.tlog
c:\mihajlo_milojevic\skola\ftn - pojedinacno\paralelno_programiranje\vezbe\vezba03_rtrk\primer 1\concurentvector\concurentvector\concurentvector\x64\release\concurentvector.tlog\xilink-lld-link.read.4.tlog
c:\mihajlo_milojevic\skola\ftn - pojedinacno\paralelno_programiranje\vezbe\vezba03_rtrk\primer 1\concurentvector\concurentvector\concurentvector\x64\release\concurentvector.tlog\xilink-lld-link.read.5.tlog
c:\mihajlo_milojevic\skola\ftn - pojedinacno\paralelno_programiranje\vezbe\vezba03_rtrk\primer 1\concurentvector\concurentvector\concurentvector\x64\release\concurentvector.tlog\xilink-lld-link.read.6.tlog
c:\mihajlo_milojevic\skola\ftn - pojedinacno\paralelno_programiranje\vezbe\vezba03_rtrk\primer 1\concurentvector\concurentvector\concurentvector\x64\release\concurentvector.tlog\xilink-lld-link.read.7.tlog
c:\mihajlo_milojevic\skola\ftn - pojedinacno\paralelno_programiranje\vezbe\vezba03_rtrk\primer 1\concurentvector\concurentvector\concurentvector\x64\release\concurentvector.tlog\xilink-lld-link.read.8.tlog
c:\mihajlo_milojevic\skola\ftn - pojedinacno\paralelno_programiranje\vezbe\vezba03_rtrk\primer 1\concurentvector\concurentvector\concurentvector\x64\release\concurentvector.tlog\xilink.command.1.tlog
c:\mihajlo_milojevic\skola\ftn - pojedinacno\paralelno_programiranje\vezbe\vezba03_rtrk\primer 1\concurentvector\concurentvector\concurentvector\x64\release\concurentvector.tlog\xilink.read.1.tlog
c:\mihajlo_milojevic\skola\ftn - pojedinacno\paralelno_programiranje\vezbe\vezba03_rtrk\primer 1\concurentvector\concurentvector\concurentvector\x64\release\concurentvector.tlog\xilink.write.1.tlog
