c:\mihajlo_milojevic\skola\ftn - pojedinacno\paralelno_programiranje\vezbe\vezba03_rtrk\primer 2\concurrenthashmap\concurre.01a5161d\x64\release\concurrenthashmap.obj
c:\mihajlo_milojevic\skola\ftn - pojedinacno\paralelno_programiranje\vezbe\vezba03_rtrk\primer 2\concurrenthashmap\concurre.01a5161d\x64\release\withreduce.obj
c:\mihajlo_milojevic\skola\ftn - pojedinacno\paralelno_programiranje\vezbe\vezba03_rtrk\primer 2\concurrenthashmap\concurre.01a5161d\x64\release\concurrenthashmap.ilk
c:\mihajlo_milojevic\skola\ftn - pojedinacno\paralelno_programiranje\vezbe\vezba03_rtrk\primer 2\concurrenthashmap\x64\release\concurrenthashmap.exe
c:\mihajlo_milojevic\skola\ftn - pojedinacno\paralelno_programiranje\vezbe\vezba03_rtrk\primer 2\concurrenthashmap\x64\release\concurrenthashmap.pdb
c:\mihajlo_milojevic\skola\ftn - pojedinacno\paralelno_programiranje\vezbe\vezba03_rtrk\primer 2\concurrenthashmap\concurre.01a5161d\x64\release\concurre.01a5161d.tlog\cl.items.tlog
c:\mihajlo_milojevic\skola\ftn - pojedinacno\paralelno_programiranje\vezbe\vezba03_rtrk\primer 2\concurrenthashmap\concurre.01a5161d\x64\release\concurre.01a5161d.tlog\icx-cl-clang-cl-clang-offload-bundler-llvm-objcopy.delete.1.tlog
c:\mihajlo_milojevic\skola\ftn - pojedinacno\paralelno_programiranje\vezbe\vezba03_rtrk\primer 2\concurrenthashmap\concurre.01a5161d\x64\release\concurre.01a5161d.tlog\icx-cl-clang-cl-clang-offload-bundler-llvm-objcopy.read.1.tlog
c:\mihajlo_milojevic\skola\ftn - pojedinacno\paralelno_programiranje\vezbe\vezba03_rtrk\primer 2\concurrenthashmap\concurre.01a5161d\x64\release\concurre.01a5161d.tlog\icx-cl-clang-cl-clang-offload-bundler-llvm-objcopy.write.1.tlog
c:\mihajlo_milojevic\skola\ftn - pojedinacno\paralelno_programiranje\vezbe\vezba03_rtrk\primer 2\concurrenthashmap\concurre.01a5161d\x64\release\concurre.01a5161d.tlog\icx-cl-clang-cl-clang-offload-bundler.25244-llvm-objcopy.delete.1.tlog
c:\mihajlo_milojevic\skola\ftn - pojedinacno\paralelno_programiranje\vezbe\vezba03_rtrk\primer 2\concurrenthashmap\concurre.01a5161d\x64\release\concurre.01a5161d.tlog\icx-cl-clang-cl-clang-offload-bundler.25244-llvm-objcopy.read.1.tlog
c:\mihajlo_milojevic\skola\ftn - pojedinacno\paralelno_programiranje\vezbe\vezba03_rtrk\primer 2\concurrenthashmap\concurre.01a5161d\x64\release\concurre.01a5161d.tlog\icx-cl-clang-cl-clang-offload-bundler.25244-llvm-objcopy.write.1.tlog
c:\mihajlo_milojevic\skola\ftn - pojedinacno\paralelno_programiranje\vezbe\vezba03_rtrk\primer 2\concurrenthashmap\concurre.01a5161d\x64\release\concurre.01a5161d.tlog\icx-cl-clang-cl-clang-offload-bundler.25244.read.1.tlog
c:\mihajlo_milojevic\skola\ftn - pojedinacno\paralelno_programiranje\vezbe\vezba03_rtrk\primer 2\concurrenthashmap\concurre.01a5161d\x64\release\concurre.01a5161d.tlog\icx-cl-clang-cl-clang-offload-bundler.25244.write.1.tlog
c:\mihajlo_milojevic\skola\ftn - pojedinacno\paralelno_programiranje\vezbe\vezba03_rtrk\primer 2\concurrenthashmap\concurre.01a5161d\x64\release\concurre.01a5161d.tlog\icx-cl-clang-cl-clang-offload-bundler.read.1.tlog
c:\mihajlo_milojevic\skola\ftn - pojedinacno\paralelno_programiranje\vezbe\vezba03_rtrk\primer 2\concurrenthashmap\concurre.01a5161d\x64\release\concurre.01a5161d.tlog\icx-cl-clang-cl-clang-offload-bundler.write.1.tlog
c:\mihajlo_milojevic\skola\ftn - pojedinacno\paralelno_programiranje\vezbe\vezba03_rtrk\primer 2\concurrenthashmap\concurre.01a5161d\x64\release\concurre.01a5161d.tlog\icx-cl-clang-cl.15876.delete.1.tlog
c:\mihajlo_milojevic\skola\ftn - pojedinacno\paralelno_programiranje\vezbe\vezba03_rtrk\primer 2\concurrenthashmap\concurre.01a5161d\x64\release\concurre.01a5161d.tlog\icx-cl-clang-cl.15876.read.1.tlog
c:\mihajlo_milojevic\skola\ftn - pojedinacno\paralelno_programiranje\vezbe\vezba03_rtrk\primer 2\concurrenthashmap\concurre.01a5161d\x64\release\concurre.01a5161d.tlog\icx-cl-clang-cl.15876.write.1.tlog
c:\mihajlo_milojevic\skola\ftn - pojedinacno\paralelno_programiranje\vezbe\vezba03_rtrk\primer 2\concurrenthashmap\concurre.01a5161d\x64\release\concurre.01a5161d.tlog\icx-cl-clang-cl.20292.delete.1.tlog
c:\mihajlo_milojevic\skola\ftn - pojedinacno\paralelno_programiranje\vezbe\vezba03_rtrk\primer 2\concurrenthashmap\concurre.01a5161d\x64\release\concurre.01a5161d.tlog\icx-cl-clang-cl.20292.read.1.tlog
c:\mihajlo_milojevic\skola\ftn - pojedinacno\paralelno_programiranje\vezbe\vezba03_rtrk\primer 2\concurrenthashmap\concurre.01a5161d\x64\release\concurre.01a5161d.tlog\icx-cl-clang-cl.20292.write.1.tlog
c:\mihajlo_milojevic\skola\ftn - pojedinacno\paralelno_programiranje\vezbe\vezba03_rtrk\primer 2\concurrenthashmap\concurre.01a5161d\x64\release\concurre.01a5161d.tlog\icx-cl-clang-cl.26640.delete.1.tlog
c:\mihajlo_milojevic\skola\ftn - pojedinacno\paralelno_programiranje\vezbe\vezba03_rtrk\primer 2\concurrenthashmap\concurre.01a5161d\x64\release\concurre.01a5161d.tlog\icx-cl-clang-cl.26640.read.1.tlog
c:\mihajlo_milojevic\skola\ftn - pojedinacno\paralelno_programiranje\vezbe\vezba03_rtrk\primer 2\concurrenthashmap\concurre.01a5161d\x64\release\concurre.01a5161d.tlog\icx-cl-clang-cl.26640.write.1.tlog
c:\mihajlo_milojevic\skola\ftn - pojedinacno\paralelno_programiranje\vezbe\vezba03_rtrk\primer 2\concurrenthashmap\concurre.01a5161d\x64\release\concurre.01a5161d.tlog\icx-cl-clang-cl.8104.delete.1.tlog
c:\mihajlo_milojevic\skola\ftn - pojedinacno\paralelno_programiranje\vezbe\vezba03_rtrk\primer 2\concurrenthashmap\concurre.01a5161d\x64\release\concurre.01a5161d.tlog\icx-cl-clang-cl.8104.read.1.tlog
c:\mihajlo_milojevic\skola\ftn - pojedinacno\paralelno_programiranje\vezbe\vezba03_rtrk\primer 2\concurrenthashmap\concurre.01a5161d\x64\release\concurre.01a5161d.tlog\icx-cl-clang-cl.8104.write.1.tlog
c:\mihajlo_milojevic\skola\ftn - pojedinacno\paralelno_programiranje\vezbe\vezba03_rtrk\primer 2\concurrenthashmap\concurre.01a5161d\x64\release\concurre.01a5161d.tlog\icx-cl-clang-cl.read.1.tlog
c:\mihajlo_milojevic\skola\ftn - pojedinacno\paralelno_programiranje\vezbe\vezba03_rtrk\primer 2\concurrenthashmap\concurre.01a5161d\x64\release\concurre.01a5161d.tlog\icx-cl-clang-cl.write.1.tlog
c:\mihajlo_milojevic\skola\ftn - pojedinacno\paralelno_programiranje\vezbe\vezba03_rtrk\primer 2\concurrenthashmap\concurre.01a5161d\x64\release\concurre.01a5161d.tlog\icx-cl.command.1.tlog
c:\mihajlo_milojevic\skola\ftn - pojedinacno\paralelno_programiranje\vezbe\vezba03_rtrk\primer 2\concurrenthashmap\concurre.01a5161d\x64\release\concurre.01a5161d.tlog\icx-cl.read.1.tlog
c:\mihajlo_milojevic\skola\ftn - pojedinacno\paralelno_programiranje\vezbe\vezba03_rtrk\primer 2\concurrenthashmap\concurre.01a5161d\x64\release\concurre.01a5161d.tlog\icx-cl.write.1.tlog
c:\mihajlo_milojevic\skola\ftn - pojedinacno\paralelno_programiranje\vezbe\vezba03_rtrk\primer 2\concurrenthashmap\concurre.01a5161d\x64\release\concurre.01a5161d.tlog\link-icx-cl-clang-cl-clang-offload-bundler.10436-llvm-objcopy.delete.1.tlog
c:\mihajlo_milojevic\skola\ftn - pojedinacno\paralelno_programiranje\vezbe\vezba03_rtrk\primer 2\concurrenthashmap\concurre.01a5161d\x64\release\concurre.01a5161d.tlog\link-icx-cl-clang-cl-clang-offload-bundler.10436-llvm-objcopy.read.1.tlog
c:\mihajlo_milojevic\skola\ftn - pojedinacno\paralelno_programiranje\vezbe\vezba03_rtrk\primer 2\concurrenthashmap\concurre.01a5161d\x64\release\concurre.01a5161d.tlog\link-icx-cl-clang-cl-clang-offload-bundler.10436-llvm-objcopy.write.1.tlog
c:\mihajlo_milojevic\skola\ftn - pojedinacno\paralelno_programiranje\vezbe\vezba03_rtrk\primer 2\concurrenthashmap\concurre.01a5161d\x64\release\concurre.01a5161d.tlog\link-icx-cl-clang-cl-clang-offload-bundler.10436.read.1.tlog
c:\mihajlo_milojevic\skola\ftn - pojedinacno\paralelno_programiranje\vezbe\vezba03_rtrk\primer 2\concurrenthashmap\concurre.01a5161d\x64\release\concurre.01a5161d.tlog\link-icx-cl-clang-cl-clang-offload-bundler.10436.write.1.tlog
c:\mihajlo_milojevic\skola\ftn - pojedinacno\paralelno_programiranje\vezbe\vezba03_rtrk\primer 2\concurrenthashmap\concurre.01a5161d\x64\release\concurre.01a5161d.tlog\link-icx-cl-clang-cl-clang-offload-bundler.11656-llvm-objcopy.delete.1.tlog
c:\mihajlo_milojevic\skola\ftn - pojedinacno\paralelno_programiranje\vezbe\vezba03_rtrk\primer 2\concurrenthashmap\concurre.01a5161d\x64\release\concurre.01a5161d.tlog\link-icx-cl-clang-cl-clang-offload-bundler.11656-llvm-objcopy.read.1.tlog
c:\mihajlo_milojevic\skola\ftn - pojedinacno\paralelno_programiranje\vezbe\vezba03_rtrk\primer 2\concurrenthashmap\concurre.01a5161d\x64\release\concurre.01a5161d.tlog\link-icx-cl-clang-cl-clang-offload-bundler.11656-llvm-objcopy.write.1.tlog
c:\mihajlo_milojevic\skola\ftn - pojedinacno\paralelno_programiranje\vezbe\vezba03_rtrk\primer 2\concurrenthashmap\concurre.01a5161d\x64\release\concurre.01a5161d.tlog\link-icx-cl-clang-cl-clang-offload-bundler.11656.read.1.tlog
c:\mihajlo_milojevic\skola\ftn - pojedinacno\paralelno_programiranje\vezbe\vezba03_rtrk\primer 2\concurrenthashmap\concurre.01a5161d\x64\release\concurre.01a5161d.tlog\link-icx-cl-clang-cl-clang-offload-bundler.11656.write.1.tlog
c:\mihajlo_milojevic\skola\ftn - pojedinacno\paralelno_programiranje\vezbe\vezba03_rtrk\primer 2\concurrenthashmap\concurre.01a5161d\x64\release\concurre.01a5161d.tlog\link-icx-cl-clang-cl-clang-offload-bundler.15856.read.1.tlog
c:\mihajlo_milojevic\skola\ftn - pojedinacno\paralelno_programiranje\vezbe\vezba03_rtrk\primer 2\concurrenthashmap\concurre.01a5161d\x64\release\concurre.01a5161d.tlog\link-icx-cl-clang-cl-clang-offload-bundler.24652-llvm-objcopy.delete.1.tlog
c:\mihajlo_milojevic\skola\ftn - pojedinacno\paralelno_programiranje\vezbe\vezba03_rtrk\primer 2\concurrenthashmap\concurre.01a5161d\x64\release\concurre.01a5161d.tlog\link-icx-cl-clang-cl-clang-offload-bundler.24652-llvm-objcopy.read.1.tlog
c:\mihajlo_milojevic\skola\ftn - pojedinacno\paralelno_programiranje\vezbe\vezba03_rtrk\primer 2\concurrenthashmap\concurre.01a5161d\x64\release\concurre.01a5161d.tlog\link-icx-cl-clang-cl-clang-offload-bundler.24652-llvm-objcopy.write.1.tlog
c:\mihajlo_milojevic\skola\ftn - pojedinacno\paralelno_programiranje\vezbe\vezba03_rtrk\primer 2\concurrenthashmap\concurre.01a5161d\x64\release\concurre.01a5161d.tlog\link-icx-cl-clang-cl-clang-offload-bundler.24652.read.1.tlog
c:\mihajlo_milojevic\skola\ftn - pojedinacno\paralelno_programiranje\vezbe\vezba03_rtrk\primer 2\concurrenthashmap\concurre.01a5161d\x64\release\concurre.01a5161d.tlog\link-icx-cl-clang-cl-clang-offload-bundler.24652.write.1.tlog
c:\mihajlo_milojevic\skola\ftn - pojedinacno\paralelno_programiranje\vezbe\vezba03_rtrk\primer 2\concurrenthashmap\concurre.01a5161d\x64\release\concurre.01a5161d.tlog\link-icx-cl-clang-cl-clang-offload-bundler.24700-llvm-objcopy.delete.1.tlog
c:\mihajlo_milojevic\skola\ftn - pojedinacno\paralelno_programiranje\vezbe\vezba03_rtrk\primer 2\concurrenthashmap\concurre.01a5161d\x64\release\concurre.01a5161d.tlog\link-icx-cl-clang-cl-clang-offload-bundler.24700-llvm-objcopy.read.1.tlog
c:\mihajlo_milojevic\skola\ftn - pojedinacno\paralelno_programiranje\vezbe\vezba03_rtrk\primer 2\concurrenthashmap\concurre.01a5161d\x64\release\concurre.01a5161d.tlog\link-icx-cl-clang-cl-clang-offload-bundler.24700-llvm-objcopy.write.1.tlog
c:\mihajlo_milojevic\skola\ftn - pojedinacno\paralelno_programiranje\vezbe\vezba03_rtrk\primer 2\concurrenthashmap\concurre.01a5161d\x64\release\concurre.01a5161d.tlog\link-icx-cl-clang-cl-clang-offload-bundler.24700.read.1.tlog
c:\mihajlo_milojevic\skola\ftn - pojedinacno\paralelno_programiranje\vezbe\vezba03_rtrk\primer 2\concurrenthashmap\concurre.01a5161d\x64\release\concurre.01a5161d.tlog\link-icx-cl-clang-cl-clang-offload-bundler.24700.write.1.tlog
c:\mihajlo_milojevic\skola\ftn - pojedinacno\paralelno_programiranje\vezbe\vezba03_rtrk\primer 2\concurrenthashmap\concurre.01a5161d\x64\release\concurre.01a5161d.tlog\link-icx-cl-clang-cl-clang-offload-bundler.25080.read.1.tlog
c:\mihajlo_milojevic\skola\ftn - pojedinacno\paralelno_programiranje\vezbe\vezba03_rtrk\primer 2\concurrenthashmap\concurre.01a5161d\x64\release\concurre.01a5161d.tlog\link-icx-cl-clang-cl-clang-offload-bundler.26960.read.1.tlog
c:\mihajlo_milojevic\skola\ftn - pojedinacno\paralelno_programiranje\vezbe\vezba03_rtrk\primer 2\concurrenthashmap\concurre.01a5161d\x64\release\concurre.01a5161d.tlog\link-icx-cl-clang-cl-clang-offload-bundler.read.1.tlog
c:\mihajlo_milojevic\skola\ftn - pojedinacno\paralelno_programiranje\vezbe\vezba03_rtrk\primer 2\concurrenthashmap\concurre.01a5161d\x64\release\concurre.01a5161d.tlog\link-icx-cl-clang-cl-clang-offload-wrapper.read.1.tlog
c:\mihajlo_milojevic\skola\ftn - pojedinacno\paralelno_programiranje\vezbe\vezba03_rtrk\primer 2\concurrenthashmap\concurre.01a5161d\x64\release\concurre.01a5161d.tlog\link-icx-cl-clang-cl-clang-offload-wrapper.write.1.tlog
c:\mihajlo_milojevic\skola\ftn - pojedinacno\paralelno_programiranje\vezbe\vezba03_rtrk\primer 2\concurrenthashmap\concurre.01a5161d\x64\release\concurre.01a5161d.tlog\link-icx-cl-clang-cl-clang.delete.1.tlog
c:\mihajlo_milojevic\skola\ftn - pojedinacno\paralelno_programiranje\vezbe\vezba03_rtrk\primer 2\concurrenthashmap\concurre.01a5161d\x64\release\concurre.01a5161d.tlog\link-icx-cl-clang-cl-clang.read.1.tlog
c:\mihajlo_milojevic\skola\ftn - pojedinacno\paralelno_programiranje\vezbe\vezba03_rtrk\primer 2\concurrenthashmap\concurre.01a5161d\x64\release\concurre.01a5161d.tlog\link-icx-cl-clang-cl-clang.write.1.tlog
c:\mihajlo_milojevic\skola\ftn - pojedinacno\paralelno_programiranje\vezbe\vezba03_rtrk\primer 2\concurrenthashmap\concurre.01a5161d\x64\release\concurre.01a5161d.tlog\link-icx-cl-clang-cl-file-table-tform.20812.read.1.tlog
c:\mihajlo_milojevic\skola\ftn - pojedinacno\paralelno_programiranje\vezbe\vezba03_rtrk\primer 2\concurrenthashmap\concurre.01a5161d\x64\release\concurre.01a5161d.tlog\link-icx-cl-clang-cl-file-table-tform.20812.write.1.tlog
c:\mihajlo_milojevic\skola\ftn - pojedinacno\paralelno_programiranje\vezbe\vezba03_rtrk\primer 2\concurrenthashmap\concurre.01a5161d\x64\release\concurre.01a5161d.tlog\link-icx-cl-clang-cl-file-table-tform.read.1.tlog
c:\mihajlo_milojevic\skola\ftn - pojedinacno\paralelno_programiranje\vezbe\vezba03_rtrk\primer 2\concurrenthashmap\concurre.01a5161d\x64\release\concurre.01a5161d.tlog\link-icx-cl-clang-cl-file-table-tform.write.1.tlog
c:\mihajlo_milojevic\skola\ftn - pojedinacno\paralelno_programiranje\vezbe\vezba03_rtrk\primer 2\concurrenthashmap\concurre.01a5161d\x64\release\concurre.01a5161d.tlog\link-icx-cl-clang-cl-link.read.1.tlog
c:\mihajlo_milojevic\skola\ftn - pojedinacno\paralelno_programiranje\vezbe\vezba03_rtrk\primer 2\concurrenthashmap\concurre.01a5161d\x64\release\concurre.01a5161d.tlog\link-icx-cl-clang-cl-link.read.2.tlog
c:\mihajlo_milojevic\skola\ftn - pojedinacno\paralelno_programiranje\vezbe\vezba03_rtrk\primer 2\concurrenthashmap\concurre.01a5161d\x64\release\concurre.01a5161d.tlog\link-icx-cl-clang-cl-link.read.3.tlog
c:\mihajlo_milojevic\skola\ftn - pojedinacno\paralelno_programiranje\vezbe\vezba03_rtrk\primer 2\concurrenthashmap\concurre.01a5161d\x64\release\concurre.01a5161d.tlog\link-icx-cl-clang-cl-link.write.1.tlog
c:\mihajlo_milojevic\skola\ftn - pojedinacno\paralelno_programiranje\vezbe\vezba03_rtrk\primer 2\concurrenthashmap\concurre.01a5161d\x64\release\concurre.01a5161d.tlog\link-icx-cl-clang-cl-llvm-foreach-llvm-spirv.read.1.tlog
c:\mihajlo_milojevic\skola\ftn - pojedinacno\paralelno_programiranje\vezbe\vezba03_rtrk\primer 2\concurrenthashmap\concurre.01a5161d\x64\release\concurre.01a5161d.tlog\link-icx-cl-clang-cl-llvm-foreach-llvm-spirv.write.1.tlog
c:\mihajlo_milojevic\skola\ftn - pojedinacno\paralelno_programiranje\vezbe\vezba03_rtrk\primer 2\concurrenthashmap\concurre.01a5161d\x64\release\concurre.01a5161d.tlog\link-icx-cl-clang-cl-llvm-foreach.read.1.tlog
c:\mihajlo_milojevic\skola\ftn - pojedinacno\paralelno_programiranje\vezbe\vezba03_rtrk\primer 2\concurrenthashmap\concurre.01a5161d\x64\release\concurre.01a5161d.tlog\link-icx-cl-clang-cl-llvm-foreach.write.1.tlog
c:\mihajlo_milojevic\skola\ftn - pojedinacno\paralelno_programiranje\vezbe\vezba03_rtrk\primer 2\concurrenthashmap\concurre.01a5161d\x64\release\concurre.01a5161d.tlog\link-icx-cl-clang-cl-llvm-link.22848.read.1.tlog
c:\mihajlo_milojevic\skola\ftn - pojedinacno\paralelno_programiranje\vezbe\vezba03_rtrk\primer 2\concurrenthashmap\concurre.01a5161d\x64\release\concurre.01a5161d.tlog\link-icx-cl-clang-cl-llvm-link.22848.write.1.tlog
c:\mihajlo_milojevic\skola\ftn - pojedinacno\paralelno_programiranje\vezbe\vezba03_rtrk\primer 2\concurrenthashmap\concurre.01a5161d\x64\release\concurre.01a5161d.tlog\link-icx-cl-clang-cl-llvm-link.read.1.tlog
c:\mihajlo_milojevic\skola\ftn - pojedinacno\paralelno_programiranje\vezbe\vezba03_rtrk\primer 2\concurrenthashmap\concurre.01a5161d\x64\release\concurre.01a5161d.tlog\link-icx-cl-clang-cl-llvm-link.write.1.tlog
c:\mihajlo_milojevic\skola\ftn - pojedinacno\paralelno_programiranje\vezbe\vezba03_rtrk\primer 2\concurrenthashmap\concurre.01a5161d\x64\release\concurre.01a5161d.tlog\link-icx-cl-clang-cl-spirv-to-ir-wrapper.21344.read.1.tlog
c:\mihajlo_milojevic\skola\ftn - pojedinacno\paralelno_programiranje\vezbe\vezba03_rtrk\primer 2\concurrenthashmap\concurre.01a5161d\x64\release\concurre.01a5161d.tlog\link-icx-cl-clang-cl-spirv-to-ir-wrapper.21344.write.1.tlog
c:\mihajlo_milojevic\skola\ftn - pojedinacno\paralelno_programiranje\vezbe\vezba03_rtrk\primer 2\concurrenthashmap\concurre.01a5161d\x64\release\concurre.01a5161d.tlog\link-icx-cl-clang-cl-spirv-to-ir-wrapper.read.1.tlog
c:\mihajlo_milojevic\skola\ftn - pojedinacno\paralelno_programiranje\vezbe\vezba03_rtrk\primer 2\concurrenthashmap\concurre.01a5161d\x64\release\concurre.01a5161d.tlog\link-icx-cl-clang-cl-spirv-to-ir-wrapper.write.1.tlog
c:\mihajlo_milojevic\skola\ftn - pojedinacno\paralelno_programiranje\vezbe\vezba03_rtrk\primer 2\concurrenthashmap\concurre.01a5161d\x64\release\concurre.01a5161d.tlog\link-icx-cl-clang-cl-sycl-post-link.read.1.tlog
c:\mihajlo_milojevic\skola\ftn - pojedinacno\paralelno_programiranje\vezbe\vezba03_rtrk\primer 2\concurrenthashmap\concurre.01a5161d\x64\release\concurre.01a5161d.tlog\link-icx-cl-clang-cl-sycl-post-link.write.1.tlog
c:\mihajlo_milojevic\skola\ftn - pojedinacno\paralelno_programiranje\vezbe\vezba03_rtrk\primer 2\concurrenthashmap\concurre.01a5161d\x64\release\concurre.01a5161d.tlog\link-icx-cl-clang-cl.read.1.tlog
c:\mihajlo_milojevic\skola\ftn - pojedinacno\paralelno_programiranje\vezbe\vezba03_rtrk\primer 2\concurrenthashmap\concurre.01a5161d\x64\release\concurre.01a5161d.tlog\link-icx-cl-clang-cl.write.1.tlog
c:\mihajlo_milojevic\skola\ftn - pojedinacno\paralelno_programiranje\vezbe\vezba03_rtrk\primer 2\concurrenthashmap\concurre.01a5161d\x64\release\concurre.01a5161d.tlog\link-icx-cl-link.command.1.tlog
c:\mihajlo_milojevic\skola\ftn - pojedinacno\paralelno_programiranje\vezbe\vezba03_rtrk\primer 2\concurrenthashmap\concurre.01a5161d\x64\release\concurre.01a5161d.tlog\link-icx-cl.read.1.tlog
c:\mihajlo_milojevic\skola\ftn - pojedinacno\paralelno_programiranje\vezbe\vezba03_rtrk\primer 2\concurrenthashmap\concurre.01a5161d\x64\release\concurre.01a5161d.tlog\link-icx-cl.write.1.tlog
