44 [22924] INFO perfrun.launcher <> - Launcher main begin
51 [22924] INFO perfrun.launcher <> - MessageCatalogInit finished
51 [22924] INFO perfrun.launcher <> - Launcher instance created
51 [22924] INFO perfrun.launcher <> - argc = 6; cmdline = C:\Program Files (x86)\Intel\oneAPI\advisor\2025.1\bin64\advixe-runss.exe --ui-output-format xml --ui-output-fd 8204 --context-value-list 
71 [22924] INFO perfrun.launcher <> - New signal handler callback was added
169 [22924] INFO perfrun.launcher <> - create msngr2::ICliToolContext
170 [22924] INFO perfrun.launcher <> - create file finder object
171 [22924] INFO perfrun.launcher <> - Put into the variant bag the context value: name = targetOS; value = Windows
171 [22924] INFO perfrun.launcher <> - Put into the variant bag the context value: name = OS; value = Windows
171 [22924] INFO perfrun.launcher <> - Put into the variant bag the context value: name = OSBuildNumber; value = 26100
171 [22924] INFO perfrun.launcher <> - Put into the variant bag the context value: name = OSBitness; value = 64
172 [22924] INFO perfrun.launcher <> - Put into the variant bag the context value: name = AdministratorPrivileges; value = false
172 [22924] INFO perfrun.launcher <> - Put into the variant bag the context value: name = isPtraceScopeLimited; value = false
172 [22924] INFO perfrun.launcher <> - Put into the variant bag the context value: name = isCATSupportedByCPU; value = true
172 [22924] INFO perfrun.launcher <> - Put into the variant bag the context value: name = isL3CATAvailable; value = false
172 [22924] INFO perfrun.launcher <> - Put into the variant bag the context value: name = isL2CATAvailable; value = false
172 [22924] INFO perfrun.launcher <> - Put into the variant bag the context value: name = isL3MonitoringSupportedByCPU; value = false
172 [22924] INFO perfrun.launcher <> - Put into the variant bag the context value: name = isTSXAvailable; value = false
172 [22924] INFO perfrun.launcher <> - Put into the variant bag the context value: name = isPTAvailable; value = false
173 [22924] INFO perfrun.launcher <> - Put into the variant bag the context value: name = isHTEnabled; value = true
173 [22924] INFO perfrun.launcher <> - Put into the variant bag the context value: name = fpgaOnBoard; value = None
173 [22924] INFO perfrun.launcher <> - Put into the variant bag the context value: name = omniPathOnBoard; value = None
173 [22924] INFO perfrun.launcher <> - Put into the variant bag the context value: name = genArchOnBoard; value = 0
173 [22924] INFO perfrun.launcher <> - Put into the variant bag the context value: name = pciClassParts; value = 
173 [22924] INFO perfrun.launcher <> - Put into the variant bag the context value: name = tidValuesForIO; value = 
173 [22924] INFO perfrun.launcher <> - Put into the variant bag the context value: name = populatedIoParts; value = 
173 [22924] INFO perfrun.launcher <> - Put into the variant bag the context value: name = populatedIoUnits; value = 
173 [22924] INFO perfrun.launcher <> - Put into the variant bag the context value: name = populatedTidValuesForIO; value = 
174 [22924] INFO perfrun.launcher <> - Put into the variant bag the context value: name = memoryType; value = Unknown
174 [22924] INFO perfrun.launcher <> - Put into the variant bag the context value: name = isSGXAvailable; value = false
174 [22924] INFO perfrun.launcher <> - Put into the variant bag the context value: name = Hypervisor; value = Microsoft Hv
174 [22924] INFO perfrun.launcher <> - Put into the variant bag the context value: name = PerfmonVersion; value = 0
174 [22924] INFO perfrun.launcher <> - Put into the variant bag the context value: name = isMaxDRAMBandwidthMeasurementSupported; value = false
174 [22924] INFO perfrun.launcher <> - Put into the variant bag the context value: name = preferedGpuAdapter; value = 0:1:0.0
174 [22924] INFO perfrun.launcher <> - Put into the variant bag the context value: name = isEHFIAvailable; value = false
174 [22924] INFO perfrun.launcher <> - Put into the variant bag the context value: name = areGpuHardwareMetricsAvailableList; value = 
174 [22924] INFO perfrun.launcher <> - Put into the variant bag the context value: name = gpuPlatformIndexList; value = 
174 [22924] INFO perfrun.launcher <> - Put into the variant bag the context value: name = isSEPDriverAvailable; value = false
175 [22924] INFO perfrun.launcher <> - Put into the variant bag the context value: name = isSEPMICDriverAvailable; value = false
175 [22924] INFO perfrun.launcher <> - Put into the variant bag the context value: name = isNMIWatchDogTimerRunning; value = false
175 [22924] INFO perfrun.launcher <> - Put into the variant bag the context value: name = CPU_NAME; value = Unknown
175 [22924] INFO perfrun.launcher <> - Put into the variant bag the context value: name = CPU; value = Unknown
175 [22924] INFO perfrun.launcher <> - Put into the variant bag the context value: name = PMU; value = Unknown
175 [22924] INFO perfrun.launcher <> - Put into the variant bag the context value: name = platformType; value = 0
175 [22924] INFO perfrun.launcher <> - Put into the variant bag the context value: name = referenceFrequency; value = 3194000000
175 [22924] INFO perfrun.launcher <> - Put into the variant bag the context value: name = isTPSSAvailable; value = true
175 [22924] INFO perfrun.launcher <> - Put into the variant bag the context value: name = isPytraceAvailable; value = true
175 [22924] INFO perfrun.launcher <> - Put into the variant bag the context value: name = isGENDebugInfoAvailableList; value = 
175 [22924] INFO perfrun.launcher <> - Put into the variant bag the context value: name = isGTPinCollectionAvailableList; value = 
175 [22924] INFO perfrun.launcher <> - Put into the variant bag the context value: name = forceShowInlines; value = false
176 [22924] INFO perfrun.launcher <> - Application exit code: 0
176 [22924] INFO perfrun.launcher <> - Exit code: 0
