49 [16792] INFO perfrun.launcher <> - Launcher main begin
55 [16792] INFO perfrun.launcher <> - MessageCatalogInit finished
55 [16792] INFO perfrun.launcher <> - Launcher instance created
55 [16792] INFO perfrun.launcher <> - argc = 6; cmdline = C:\Program Files (x86)\Intel\oneAPI\advisor\2025.1\bin64\advixe-runss.exe --ui-output-format xml --ui-output-fd 8756 --context-value-list 
74 [16792] INFO perfrun.launcher <> - New signal handler callback was added
174 [16792] INFO perfrun.launcher <> - create msngr2::ICliToolContext
174 [16792] INFO perfrun.launcher <> - create file finder object
175 [16792] INFO perfrun.launcher <> - Put into the variant bag the context value: name = targetOS; value = Windows
176 [16792] INFO perfrun.launcher <> - Put into the variant bag the context value: name = OS; value = Windows
176 [16792] INFO perfrun.launcher <> - Put into the variant bag the context value: name = OSBuildNumber; value = 26100
176 [16792] INFO perfrun.launcher <> - Put into the variant bag the context value: name = OSBitness; value = 64
176 [16792] INFO perfrun.launcher <> - Put into the variant bag the context value: name = AdministratorPrivileges; value = false
176 [16792] INFO perfrun.launcher <> - Put into the variant bag the context value: name = isPtraceScopeLimited; value = false
176 [16792] INFO perfrun.launcher <> - Put into the variant bag the context value: name = isCATSupportedByCPU; value = true
176 [16792] INFO perfrun.launcher <> - Put into the variant bag the context value: name = isL3CATAvailable; value = false
176 [16792] INFO perfrun.launcher <> - Put into the variant bag the context value: name = isL2CATAvailable; value = false
176 [16792] INFO perfrun.launcher <> - Put into the variant bag the context value: name = isL3MonitoringSupportedByCPU; value = false
176 [16792] INFO perfrun.launcher <> - Put into the variant bag the context value: name = isTSXAvailable; value = false
176 [16792] INFO perfrun.launcher <> - Put into the variant bag the context value: name = isPTAvailable; value = false
176 [16792] INFO perfrun.launcher <> - Put into the variant bag the context value: name = isHTEnabled; value = true
176 [16792] INFO perfrun.launcher <> - Put into the variant bag the context value: name = fpgaOnBoard; value = None
176 [16792] INFO perfrun.launcher <> - Put into the variant bag the context value: name = omniPathOnBoard; value = None
176 [16792] INFO perfrun.launcher <> - Put into the variant bag the context value: name = genArchOnBoard; value = 0
177 [16792] INFO perfrun.launcher <> - Put into the variant bag the context value: name = pciClassParts; value = 
177 [16792] INFO perfrun.launcher <> - Put into the variant bag the context value: name = tidValuesForIO; value = 
177 [16792] INFO perfrun.launcher <> - Put into the variant bag the context value: name = populatedIoParts; value = 
177 [16792] INFO perfrun.launcher <> - Put into the variant bag the context value: name = populatedIoUnits; value = 
177 [16792] INFO perfrun.launcher <> - Put into the variant bag the context value: name = populatedTidValuesForIO; value = 
177 [16792] INFO perfrun.launcher <> - Put into the variant bag the context value: name = memoryType; value = Unknown
177 [16792] INFO perfrun.launcher <> - Put into the variant bag the context value: name = isSGXAvailable; value = false
177 [16792] INFO perfrun.launcher <> - Put into the variant bag the context value: name = Hypervisor; value = Microsoft Hv
177 [16792] INFO perfrun.launcher <> - Put into the variant bag the context value: name = PerfmonVersion; value = 0
177 [16792] INFO perfrun.launcher <> - Put into the variant bag the context value: name = isMaxDRAMBandwidthMeasurementSupported; value = false
177 [16792] INFO perfrun.launcher <> - Put into the variant bag the context value: name = preferedGpuAdapter; value = 0:1:0.0
177 [16792] INFO perfrun.launcher <> - Put into the variant bag the context value: name = isEHFIAvailable; value = false
177 [16792] INFO perfrun.launcher <> - Put into the variant bag the context value: name = areGpuHardwareMetricsAvailableList; value = 
178 [16792] INFO perfrun.launcher <> - Put into the variant bag the context value: name = gpuPlatformIndexList; value = 
178 [16792] INFO perfrun.launcher <> - Put into the variant bag the context value: name = isSEPDriverAvailable; value = false
178 [16792] INFO perfrun.launcher <> - Put into the variant bag the context value: name = isSEPMICDriverAvailable; value = false
178 [16792] INFO perfrun.launcher <> - Put into the variant bag the context value: name = isNMIWatchDogTimerRunning; value = false
178 [16792] INFO perfrun.launcher <> - Put into the variant bag the context value: name = CPU_NAME; value = Unknown
178 [16792] INFO perfrun.launcher <> - Put into the variant bag the context value: name = CPU; value = Unknown
178 [16792] INFO perfrun.launcher <> - Put into the variant bag the context value: name = PMU; value = Unknown
178 [16792] INFO perfrun.launcher <> - Put into the variant bag the context value: name = platformType; value = 0
178 [16792] INFO perfrun.launcher <> - Put into the variant bag the context value: name = referenceFrequency; value = 3194000000
178 [16792] INFO perfrun.launcher <> - Put into the variant bag the context value: name = isTPSSAvailable; value = true
179 [16792] INFO perfrun.launcher <> - Put into the variant bag the context value: name = isPytraceAvailable; value = true
179 [16792] INFO perfrun.launcher <> - Put into the variant bag the context value: name = isGENDebugInfoAvailableList; value = 
179 [16792] INFO perfrun.launcher <> - Put into the variant bag the context value: name = isGTPinCollectionAvailableList; value = 
179 [16792] INFO perfrun.launcher <> - Put into the variant bag the context value: name = forceShowInlines; value = false
179 [16792] INFO perfrun.launcher <> - Application exit code: 0
179 [16792] INFO perfrun.launcher <> - Exit code: 0
